<?xml version="1.0" encoding="UTF-8"?>
<!-- Generated by org.testng.reporters.JUnitXMLReporter -->
<testsuite ignored="0" hostname="DESKTOP-CMMN98B" failures="0" tests="4" name="Test" time="37.712" errors="0" timestamp="2024-01-12T18:17:49 IST">
  <testcase classname="TestNG.A2" name="test2" time="32.906"/>
  <testcase classname="TestNG.A1" name="test1" time="33.074"/>
  <testcase classname="TestNG.A2" name="test1" time="33.123"/>
  <testcase classname="TestNG.A1" name="test2" time="37.509"/>
</testsuite> <!-- Test -->
