<?xml version="1.0" encoding="UTF-8"?>
<testng-results ignored="0" total="2" passed="2" failed="0" skipped="0">
  <reporter-output>
  </reporter-output>
  <suite started-at="2024-01-12T18:53:08 IST" name="Suite" finished-at="2024-01-12T18:53:42 IST" duration-ms="33568">
    <groups>
      <group name="blackbox">
        <method signature="A1.test1()[pri:0, instance:TestNG.A1@2ab4bc72]" name="test1" class="TestNG.A1"/>
      </group> <!-- blackbox -->
      <group name="sanity">
        <method signature="A2.test1()[pri:0, instance:TestNG.A2@66ea810]" name="test1" class="TestNG.A2"/>
      </group> <!-- sanity -->
    </groups>
    <test started-at="2024-01-12T18:53:08 IST" name="Test1" finished-at="2024-01-12T18:53:27 IST" duration-ms="19228">
      <class name="TestNG.A1">
        <test-method signature="test1()[pri:0, instance:TestNG.A1@2ab4bc72]" started-at="2024-01-12T18:53:08 IST" name="test1" finished-at="2024-01-12T18:53:27 IST" duration-ms="19057" status="PASS">
          <reporter-output>
          </reporter-output>
        </test-method> <!-- test1 -->
      </class> <!-- TestNG.A1 -->
    </test> <!-- Test1 -->
    <test started-at="2024-01-12T18:53:28 IST" name="Test2" finished-at="2024-01-12T18:53:42 IST" duration-ms="14105">
      <class name="TestNG.A2">
        <test-method signature="test1()[pri:0, instance:TestNG.A2@66ea810]" started-at="2024-01-12T18:53:28 IST" name="test1" finished-at="2024-01-12T18:53:42 IST" duration-ms="14087" status="PASS">
          <reporter-output>
          </reporter-output>
        </test-method> <!-- test1 -->
      </class> <!-- TestNG.A2 -->
    </test> <!-- Test2 -->
  </suite> <!-- Suite -->
</testng-results>
